<?xml version="1.0" encoding="UTF-8"?>
<testng-results skipped="0" failed="0" ignored="0" total="1" passed="1">
  <reporter-output>
  </reporter-output>
  <suite name="Default suite" duration-ms="26646" started-at="2018-03-10T19:30:07Z" finished-at="2018-03-10T19:30:34Z">
    <groups>
    </groups>
    <test name="Default test" duration-ms="26646" started-at="2018-03-10T19:30:07Z" finished-at="2018-03-10T19:30:34Z">
      <class name="script.TestCase">
        <test-method status="PASS" signature="preConditon()[pri:0, instance:script.TestCase@62ee68d8]" name="preConditon" is-config="true" duration-ms="14644" started-at="2018-03-11T01:00:07Z" finished-at="2018-03-11T01:00:22Z">
          <reporter-output>
          </reporter-output>
        </test-method> <!-- preConditon -->
        <test-method status="PASS" signature="testcase()[pri:0, instance:script.TestCase@62ee68d8]" name="testcase" duration-ms="9749" started-at="2018-03-11T01:00:22Z" finished-at="2018-03-11T01:00:32Z">
          <reporter-output>
          </reporter-output>
        </test-method> <!-- testcase -->
        <test-method status="PASS" signature="postCondition()[pri:0, instance:script.TestCase@62ee68d8]" name="postCondition" is-config="true" duration-ms="2201" started-at="2018-03-11T01:00:32Z" finished-at="2018-03-11T01:00:34Z">
          <reporter-output>
          </reporter-output>
        </test-method> <!-- postCondition -->
      </class> <!-- script.TestCase -->
    </test> <!-- Default test -->
  </suite> <!-- Default suite -->
</testng-results>
